--- adb starting (pid 219) ---
adb I 12-10 08:51:56   219   219 main.cpp:62] Android Debug Bridge version 1.0.41
adb I 12-10 08:51:56   219   219 main.cpp:62] Version 30.0.4-6686687
adb I 12-10 08:51:56   219   219 main.cpp:62] Installed as /root/platform-tools/adb
adb I 12-10 08:51:56   219   219 main.cpp:62] 
adb I 12-10 08:51:56   219   219 auth.cpp:417] adb_auth_init...
adb I 12-10 08:51:56   219   219 auth.cpp:220] User key '/root/.android/adbkey' does not exist...
adb I 12-10 08:51:56   219   219 auth.cpp:64] generate_key(/root/.android/adbkey)...
adb I 12-10 08:51:56   219   219 auth.cpp:152] loaded new key from '/root/.android/adbkey' with fingerprint 5A21B26640462B844958719CAE188B313DD7ADE2F16745C422601D04B11DF777
adb I 12-10 08:51:56   219   219 auth.cpp:392] adb_auth_inotify_init...
--- adb starting (pid 211) ---
adb I 12-10 08:56:31   211   211 main.cpp:62] Android Debug Bridge version 1.0.41
adb I 12-10 08:56:31   211   211 main.cpp:62] Version 30.0.4-6686687
adb I 12-10 08:56:31   211   211 main.cpp:62] Installed as /root/platform-tools/adb
adb I 12-10 08:56:31   211   211 main.cpp:62] 
adb I 12-10 08:56:31   211   211 auth.cpp:417] adb_auth_init...
adb I 12-10 08:56:31   211   211 auth.cpp:220] User key '/root/.android/adbkey' does not exist...
adb I 12-10 08:56:31   211   211 auth.cpp:64] generate_key(/root/.android/adbkey)...
adb I 12-10 08:56:31   211   211 auth.cpp:152] loaded new key from '/root/.android/adbkey' with fingerprint 0FC8DC89A2F577567452E4835975CBF28B7973A805F25C9F8336938644BA3C9C
adb I 12-10 08:56:31   211   211 auth.cpp:392] adb_auth_inotify_init...
--- adb starting (pid 211) ---
adb I 12-10 09:01:00   211   211 main.cpp:62] Android Debug Bridge version 1.0.41
adb I 12-10 09:01:00   211   211 main.cpp:62] Version 30.0.4-6686687
adb I 12-10 09:01:00   211   211 main.cpp:62] Installed as /root/platform-tools/adb
adb I 12-10 09:01:00   211   211 main.cpp:62] 
adb I 12-10 09:01:00   211   211 auth.cpp:417] adb_auth_init...
adb I 12-10 09:01:00   211   211 auth.cpp:220] User key '/root/.android/adbkey' does not exist...
adb I 12-10 09:01:00   211   211 auth.cpp:64] generate_key(/root/.android/adbkey)...
adb I 12-10 09:01:00   211   211 auth.cpp:152] loaded new key from '/root/.android/adbkey' with fingerprint 227DD1D8E998DB999E7702DFBA667CB36762E677C35A68582933C24BC1D534B5
adb I 12-10 09:01:00   211   211 auth.cpp:392] adb_auth_inotify_init...
--- adb starting (pid 212) ---
adb I 12-10 11:56:15   212   212 main.cpp:62] Android Debug Bridge version 1.0.41
adb I 12-10 11:56:15   212   212 main.cpp:62] Version 30.0.4-6686687
adb I 12-10 11:56:15   212   212 main.cpp:62] Installed as /root/platform-tools/adb
adb I 12-10 11:56:15   212   212 main.cpp:62] 
adb I 12-10 11:56:15   212   212 auth.cpp:417] adb_auth_init...
adb I 12-10 11:56:15   212   212 auth.cpp:220] User key '/root/.android/adbkey' does not exist...
adb I 12-10 11:56:15   212   212 auth.cpp:64] generate_key(/root/.android/adbkey)...
adb I 12-10 11:56:15   212   212 auth.cpp:152] loaded new key from '/root/.android/adbkey' with fingerprint 1FEEEF8E84FD0C2DF599B67A6904095CF2B9E3C0EED26A484809B6B662767346
adb I 12-10 11:56:15   212   212 auth.cpp:392] adb_auth_inotify_init...
--- adb starting (pid 211) ---
adb I 12-10 12:35:58   211   211 main.cpp:62] Android Debug Bridge version 1.0.41
adb I 12-10 12:35:58   211   211 main.cpp:62] Version 30.0.4-6686687
adb I 12-10 12:35:58   211   211 main.cpp:62] Installed as /root/platform-tools/adb
adb I 12-10 12:35:58   211   211 main.cpp:62] 
adb I 12-10 12:35:59   211   211 auth.cpp:417] adb_auth_init...
adb I 12-10 12:35:59   211   211 auth.cpp:220] User key '/root/.android/adbkey' does not exist...
adb I 12-10 12:35:59   211   211 auth.cpp:64] generate_key(/root/.android/adbkey)...
adb I 12-10 12:35:59   211   211 auth.cpp:152] loaded new key from '/root/.android/adbkey' with fingerprint EF3470ACA6A9F3D64B79F9C52F08BA6945B65ADA1A3F95CC5E85B1035A1C2DE4
adb I 12-10 12:35:59   211   211 auth.cpp:392] adb_auth_inotify_init...
